<?xml version="1.0" encoding="UTF-8"?>
<testsuite name="models.HeroTest" tests="1" skipped="0" failures="0" errors="0" timestamp="2021-08-18T17:08:12" hostname="jmwania" time="0.003">
  <properties/>
  <testcase name="findHero_searchForHeroById_String" classname="models.HeroTest" time="0.003"/>
  <system-out><![CDATA[]]></system-out>
  <system-err><![CDATA[]]></system-err>
</testsuite>
