<?xml version="1.0" encoding="UTF-8"?>
<testsuite name="models.SquadTest" tests="1" skipped="0" failures="0" errors="0" timestamp="2021-08-16T08:54:32" hostname="jmwania" time="0.003">
  <properties/>
  <testcase name="removeHeroMember" classname="models.SquadTest" time="0.003"/>
  <system-out><![CDATA[]]></system-out>
  <system-err><![CDATA[]]></system-err>
</testsuite>
